<?xml version="1.0" encoding="UTF-8"?>
<!-- Generated by org.testng.reporters.JUnitXMLReporter -->
<testsuite ignored="0" hostname="LAPTOP-15KD9OUD" failures="2" tests="2" name="Test" time="108.565" errors="0" timestamp="2021-08-27T21:56:04 IST">
  <testcase classname="homework.Hard_Assert" name="search" time="35.11">
    <failure type="java.lang.AssertionError" message="expected [test] but found [Nude Twist - Buy Nude Twist online in India]">
      <![CDATA[java.lang.AssertionError: expected [test] but found [Nude Twist - Buy Nude Twist online in India]
at homework.Hard_Assert.search(Hard_Assert.java:29)
at java.base/java.util.ArrayList.forEach(ArrayList.java:1511)
... Removed 33 stack frames]]>
    </failure>
  </testcase> <!-- search -->
  <testcase classname="homework.SoftAssert1" name="search" time="12.199">
    <failure type="java.lang.AssertionError" message="The following asserts failed:
	expected [test] but found [Nude Twist - Buy Nude Twist online in India]">
      <![CDATA[java.lang.AssertionError: The following asserts failed:
expected [test] but found [Nude Twist - Buy Nude Twist online in India]
at homework.SoftAssert1.search(SoftAssert1.java:31)
at java.base/java.util.ArrayList.forEach(ArrayList.java:1511)
... Removed 29 stack frames]]>
    </failure>
  </testcase> <!-- search -->
</testsuite> <!-- Test -->
