<?xml version="1.0" encoding="UTF-8"?>
<!-- Generated by org.testng.reporters.JUnitReportReporter -->
<testsuite hostname="LAPTOP-15KD9OUD" failures="0" tests="2" name="homework.SoftAssert1" time="25.826" errors="1" timestamp="2021-08-28T11:47:16 IST" skipped="1">
  <testcase classname="homework.SoftAssert1" name="Open" time="25.826">
    <error message="session not created
from disconnected: received Inspector.detached event
  (Session info: chrome=92.0.4515.159)
Build info: version: &#039;3.141.59&#039;, revision: &#039;e82be7d358&#039;, time: &#039;2018-11-14T08:25:53&#039;
System info: host: &#039;LAPTOP-15KD9OUD&#039;, ip: &#039;192.168.225.206&#039;, os.name: &#039;Windows 10&#039;, os.arch: &#039;amd64&#039;, os.version: &#039;10.0&#039;, java.version: &#039;15.0.2&#039;
Driver info: driver.version: ChromeDriver
remote stacktrace: Backtrace:
	Ordinal0 [0x00E85843+2512963]
	Ordinal0 [0x00E1EED1+2092753]
	Ordinal0 [0x00D21F48+1056584]
	Ordinal0 [0x00D15474+1004660]
	Ordinal0 [0x00D150B6+1003702]
	Ordinal0 [0x00D147FA+1001466]
	Ordinal0 [0x00D1398D+997773]
	Ordinal0 [0x00D13C46+998470]
	Ordinal0 [0x00D13535+996661]
	Ordinal0 [0x00D1E084+1040516]
	Ordinal0 [0x00D134F1+996593]
	Ordinal0 [0x00D14416+1000470]
	Ordinal0 [0x00D1398D+997773]
	Ordinal0 [0x00D13C46+998470]
	Ordinal0 [0x00D13535+996661]
	Ordinal0 [0x00D1C0FA+1032442]
	Ordinal0 [0x00D134F1+996593]
	Ordinal0 [0x00D14416+1000470]
	Ordinal0 [0x00D1398D+997773]
	Ordinal0 [0x00D13C46+998470]
	Ordinal0 [0x00D13535+996661]
	Ordinal0 [0x00D19FA9+1023913]
	Ordinal0 [0x00D134F1+996593]
	Ordinal0 [0x00D14416+1000470]
	Ordinal0 [0x00D1398D+997773]
	Ordinal0 [0x00D13C46+998470]
	Ordinal0 [0x00D13535+996661]
	Ordinal0 [0x00D192CC+1020620]
	Ordinal0 [0x00D134F1+996593]
	Ordinal0 [0x00D14416+1000470]
	Ordinal0 [0x00D1398D+997773]
	Ordinal0 [0x00D13C46+998470]
	Ordinal0 [0x00D13535+996661]
	Ordinal0 [0x00D0F10D+979213]
	Ordinal0 [0x00D134F1+996593]
	Ordinal0 [0x00D13290+995984]
	Ordinal0 [0x00D13029+995369]
	Ordinal0 [0x00D23160+1061216]
	Ordinal0 [0x00D6A8EB+1353963]
	Ordinal0 [0x00D695BA+1349050]
	Ordinal0 [0x00D654BB+1332411]
	Ordinal0 [0x00D41D14+1187092]
	Ordinal0 [0x00D42B79+1190777]
	GetHandleVerifier [0x01000C56+1501718]
	GetHandleVerifier [0x010AE97F+2213695]
	GetHandleVerifier [0x00F08C92+485970]
	GetHandleVerifier [0x00F07D59+482073]
	Ordinal0 [0x00E2471D+2115357]
	Ordinal0 [0x00E28678+2131576]
	Ordinal0 [0x00E287B2+2131890]
	Ordinal0 [0x00E31971+2169201]
	BaseThreadInitThunk [0x759FFA29+25]
	RtlGetAppContainerNamedObjectPath [0x77B07A7E+286]
	RtlGetAppContainerNamedObjectPath [0x77B07A4E+238]
" type="org.openqa.selenium.SessionNotCreatedException">
      <![CDATA[org.openqa.selenium.SessionNotCreatedException: session not created
from disconnected: received Inspector.detached event
  (Session info: chrome=92.0.4515.159)
Build info: version: '3.141.59', revision: 'e82be7d358', time: '2018-11-14T08:25:53'
System info: host: 'LAPTOP-15KD9OUD', ip: '192.168.225.206', os.name: 'Windows 10', os.arch: 'amd64', os.version: '10.0', java.version: '15.0.2'
Driver info: driver.version: ChromeDriver
remote stacktrace: Backtrace:
Ordinal0 [0x00E85843+2512963]
Ordinal0 [0x00E1EED1+2092753]
Ordinal0 [0x00D21F48+1056584]
Ordinal0 [0x00D15474+1004660]
Ordinal0 [0x00D150B6+1003702]
Ordinal0 [0x00D147FA+1001466]
Ordinal0 [0x00D1398D+997773]
Ordinal0 [0x00D13C46+998470]
Ordinal0 [0x00D13535+996661]
Ordinal0 [0x00D1E084+1040516]
Ordinal0 [0x00D134F1+996593]
Ordinal0 [0x00D14416+1000470]
Ordinal0 [0x00D1398D+997773]
Ordinal0 [0x00D13C46+998470]
Ordinal0 [0x00D13535+996661]
Ordinal0 [0x00D1C0FA+1032442]
Ordinal0 [0x00D134F1+996593]
Ordinal0 [0x00D14416+1000470]
Ordinal0 [0x00D1398D+997773]
Ordinal0 [0x00D13C46+998470]
Ordinal0 [0x00D13535+996661]
Ordinal0 [0x00D19FA9+1023913]
Ordinal0 [0x00D134F1+996593]
Ordinal0 [0x00D14416+1000470]
Ordinal0 [0x00D1398D+997773]
Ordinal0 [0x00D13C46+998470]
Ordinal0 [0x00D13535+996661]
Ordinal0 [0x00D192CC+1020620]
Ordinal0 [0x00D134F1+996593]
Ordinal0 [0x00D14416+1000470]
Ordinal0 [0x00D1398D+997773]
Ordinal0 [0x00D13C46+998470]
Ordinal0 [0x00D13535+996661]
Ordinal0 [0x00D0F10D+979213]
Ordinal0 [0x00D134F1+996593]
Ordinal0 [0x00D13290+995984]
Ordinal0 [0x00D13029+995369]
Ordinal0 [0x00D23160+1061216]
Ordinal0 [0x00D6A8EB+1353963]
Ordinal0 [0x00D695BA+1349050]
Ordinal0 [0x00D654BB+1332411]
Ordinal0 [0x00D41D14+1187092]
Ordinal0 [0x00D42B79+1190777]
GetHandleVerifier [0x01000C56+1501718]
GetHandleVerifier [0x010AE97F+2213695]
GetHandleVerifier [0x00F08C92+485970]
GetHandleVerifier [0x00F07D59+482073]
Ordinal0 [0x00E2471D+2115357]
Ordinal0 [0x00E28678+2131576]
Ordinal0 [0x00E287B2+2131890]
Ordinal0 [0x00E31971+2169201]
BaseThreadInitThunk [0x759FFA29+25]
RtlGetAppContainerNamedObjectPath [0x77B07A7E+286]
RtlGetAppContainerNamedObjectPath [0x77B07A4E+238]

at java.base/jdk.internal.reflect.NativeConstructorAccessorImpl.newInstance0(Native Method)
at java.base/jdk.internal.reflect.NativeConstructorAccessorImpl.newInstance(NativeConstructorAccessorImpl.java:64)
at java.base/jdk.internal.reflect.DelegatingConstructorAccessorImpl.newInstance(DelegatingConstructorAccessorImpl.java:45)
at java.base/java.lang.reflect.Constructor.newInstanceWithCaller(Constructor.java:500)
at java.base/java.lang.reflect.Constructor.newInstance(Constructor.java:481)
at org.openqa.selenium.remote.W3CHandshakeResponse.lambda$errorHandler$0(W3CHandshakeResponse.java:62)
at org.openqa.selenium.remote.HandshakeResponse.lambda$getResponseFunction$0(HandshakeResponse.java:30)
at org.openqa.selenium.remote.ProtocolHandshake.lambda$createSession$0(ProtocolHandshake.java:126)
at java.base/java.util.stream.ReferencePipeline$3$1.accept(ReferencePipeline.java:195)
at java.base/java.util.Spliterators$ArraySpliterator.tryAdvance(Spliterators.java:958)
at java.base/java.util.stream.ReferencePipeline.forEachWithCancel(ReferencePipeline.java:127)
at java.base/java.util.stream.AbstractPipeline.copyIntoWithCancel(AbstractPipeline.java:502)
at java.base/java.util.stream.AbstractPipeline.copyInto(AbstractPipeline.java:488)
at java.base/java.util.stream.AbstractPipeline.wrapAndCopyInto(AbstractPipeline.java:474)
at java.base/java.util.stream.FindOps$FindOp.evaluateSequential(FindOps.java:150)
at java.base/java.util.stream.AbstractPipeline.evaluate(AbstractPipeline.java:234)
at java.base/java.util.stream.ReferencePipeline.findFirst(ReferencePipeline.java:543)
at org.openqa.selenium.remote.ProtocolHandshake.createSession(ProtocolHandshake.java:128)
at org.openqa.selenium.remote.ProtocolHandshake.createSession(ProtocolHandshake.java:74)
at org.openqa.selenium.remote.HttpCommandExecutor.execute(HttpCommandExecutor.java:136)
at org.openqa.selenium.remote.service.DriverCommandExecutor.execute(DriverCommandExecutor.java:83)
at org.openqa.selenium.remote.RemoteWebDriver.execute(RemoteWebDriver.java:552)
at org.openqa.selenium.remote.RemoteWebDriver.startSession(RemoteWebDriver.java:213)
at org.openqa.selenium.remote.RemoteWebDriver.<init>(RemoteWebDriver.java:131)
at org.openqa.selenium.chrome.ChromeDriver.<init>(ChromeDriver.java:181)
at org.openqa.selenium.chrome.ChromeDriver.<init>(ChromeDriver.java:168)
at org.openqa.selenium.chrome.ChromeDriver.<init>(ChromeDriver.java:123)
at homework.SoftAssert1.Open(SoftAssert1.java:18)
at java.base/jdk.internal.reflect.NativeMethodAccessorImpl.invoke0(Native Method)
at java.base/jdk.internal.reflect.NativeMethodAccessorImpl.invoke(NativeMethodAccessorImpl.java:64)
at java.base/jdk.internal.reflect.DelegatingMethodAccessorImpl.invoke(DelegatingMethodAccessorImpl.java:43)
at java.base/java.lang.reflect.Method.invoke(Method.java:564)
at org.testng.internal.MethodInvocationHelper.invokeMethod(MethodInvocationHelper.java:133)
at org.testng.internal.MethodInvocationHelper.invokeMethodConsideringTimeout(MethodInvocationHelper.java:62)
at org.testng.internal.ConfigInvoker.invokeConfigurationMethod(ConfigInvoker.java:385)
at org.testng.internal.ConfigInvoker.invokeConfigurations(ConfigInvoker.java:321)
at org.testng.internal.TestInvoker.runConfigMethods(TestInvoker.java:700)
at org.testng.internal.TestInvoker.invokeMethod(TestInvoker.java:527)
at org.testng.internal.TestInvoker.invokeTestMethod(TestInvoker.java:173)
at org.testng.internal.MethodRunner.runInSequence(MethodRunner.java:46)
at org.testng.internal.TestInvoker$MethodInvocationAgent.invoke(TestInvoker.java:824)
at org.testng.internal.TestInvoker.invokeTestMethods(TestInvoker.java:146)
at org.testng.internal.TestMethodWorker.invokeTestMethods(TestMethodWorker.java:146)
at org.testng.internal.TestMethodWorker.run(TestMethodWorker.java:128)
at java.base/java.util.ArrayList.forEach(ArrayList.java:1511)
at org.testng.TestRunner.privateRun(TestRunner.java:794)
at org.testng.TestRunner.run(TestRunner.java:596)
at org.testng.SuiteRunner.runTest(SuiteRunner.java:377)
at org.testng.SuiteRunner.runSequentially(SuiteRunner.java:371)
at org.testng.SuiteRunner.privateRun(SuiteRunner.java:332)
at org.testng.SuiteRunner.run(SuiteRunner.java:276)
at org.testng.SuiteRunnerWorker.runSuite(SuiteRunnerWorker.java:53)
at org.testng.SuiteRunnerWorker.run(SuiteRunnerWorker.java:96)
at org.testng.TestNG.runSuitesSequentially(TestNG.java:1212)
at org.testng.TestNG.runSuitesLocally(TestNG.java:1134)
at org.testng.TestNG.runSuites(TestNG.java:1063)
at org.testng.TestNG.run(TestNG.java:1031)
at org.testng.remote.AbstractRemoteTestNG.run(AbstractRemoteTestNG.java:115)
at org.testng.remote.RemoteTestNG.initAndRun(RemoteTestNG.java:251)
at org.testng.remote.RemoteTestNG.main(RemoteTestNG.java:77)
]]>
    </error>
  </testcase> <!-- Open -->
  <system-out/>
  <testcase classname="homework.SoftAssert1" name="search" time="0.000">
    <skipped/>
  </testcase> <!-- search -->
  <system-out/>
</testsuite> <!-- homework.SoftAssert1 -->
